<?xml version="1.0" encoding="UTF-8"?>
<!-- Generated by org.testng.reporters.JUnitXMLReporter -->
<testsuite ignored="0" hostname="ASUS" failures="0" tests="5" name="Test" time="98.291" errors="0" timestamp="2023-03-08T12:14:23 IST">
  <testcase classname="dockerValidation.chromeTest4" name="case1" time="31.677"/>
  <testcase classname="dockerValidation.chromeTest3" name="case1" time="31.707"/>
  <testcase classname="dockerValidation.chromeTest1" name="case1" time="31.707"/>
  <testcase classname="dockerValidation.chromeTest2" name="case1" time="41.67"/>
  <testcase classname="dockerValidation.chromeTest5" name="case1" time="45.484"/>
</testsuite> <!-- Test -->
