<?xml version="1.0" encoding="UTF-8"?>
<!-- Generated by org.testng.reporters.JUnitXMLReporter -->
<testsuite ignored="0" hostname="ASUS" failures="0" tests="5" name="Test" time="129.207" errors="0" timestamp="2023-03-09T11:26:13 IST">
  <testcase classname="dockerValidation.chromeTest1" name="case1" time="14.256"/>
  <testcase classname="dockerValidation.chromeTest3" name="case1" time="15.831"/>
  <testcase classname="dockerValidation.chromeTest4" name="case1" time="15.841"/>
  <testcase classname="dockerValidation.chromeTest5" name="case1" time="18.936"/>
  <testcase classname="dockerValidation.chromeTest2" name="case1" time="85.795"/>
</testsuite> <!-- Test -->
