<?xml version="1.0" encoding="UTF-8"?>
<testng-results ignored="0" total="5" passed="5" failed="0" skipped="0">
  <reporter-output>
  </reporter-output>
  <suite started-at="2023-03-09T11:24:03 IST" name="Suite" finished-at="2023-03-09T11:26:13 IST" duration-ms="129207">
    <groups>
    </groups>
    <test started-at="2023-03-09T11:24:03 IST" name="Test" finished-at="2023-03-09T11:26:13 IST" duration-ms="129207">
      <class name="dockerValidation.chromeTest5">
        <test-method signature="case1()[pri:0, instance:dockerValidation.chromeTest5@1afd44cb]" started-at="2023-03-09T11:24:29 IST" name="case1" finished-at="2023-03-09T11:24:48 IST" duration-ms="18936" status="PASS">
          <reporter-output>
          </reporter-output>
        </test-method> <!-- case1 -->
      </class> <!-- dockerValidation.chromeTest5 -->
      <class name="dockerValidation.chromeTest1">
        <test-method is-config="true" signature="startDockerScale()[pri:0, instance:dockerValidation.chromeTest1@1dde4cb2]" started-at="2023-03-09T11:24:03 IST" name="startDockerScale" finished-at="2023-03-09T11:24:29 IST" duration-ms="25327" status="PASS">
          <reporter-output>
          </reporter-output>
        </test-method> <!-- startDockerScale -->
        <test-method signature="case1()[pri:0, instance:dockerValidation.chromeTest1@1dde4cb2]" started-at="2023-03-09T11:24:29 IST" name="case1" finished-at="2023-03-09T11:24:43 IST" duration-ms="14256" status="PASS">
          <reporter-output>
          </reporter-output>
        </test-method> <!-- case1 -->
        <test-method is-config="true" signature="stopDockerDeleteFile()[pri:0, instance:dockerValidation.chromeTest1@1dde4cb2]" started-at="2023-03-09T11:25:55 IST" name="stopDockerDeleteFile" finished-at="2023-03-09T11:26:13 IST" duration-ms="18043" status="PASS">
          <reporter-output>
          </reporter-output>
        </test-method> <!-- stopDockerDeleteFile -->
      </class> <!-- dockerValidation.chromeTest1 -->
      <class name="dockerValidation.chromeTest2">
        <test-method signature="case1()[pri:0, instance:dockerValidation.chromeTest2@72057ecf]" started-at="2023-03-09T11:24:29 IST" name="case1" finished-at="2023-03-09T11:25:55 IST" duration-ms="85795" status="PASS">
          <reporter-output>
          </reporter-output>
        </test-method> <!-- case1 -->
      </class> <!-- dockerValidation.chromeTest2 -->
      <class name="dockerValidation.chromeTest3">
        <test-method signature="case1()[pri:0, instance:dockerValidation.chromeTest3@6973b51b]" started-at="2023-03-09T11:24:29 IST" name="case1" finished-at="2023-03-09T11:24:45 IST" duration-ms="15831" status="PASS">
          <reporter-output>
          </reporter-output>
        </test-method> <!-- case1 -->
      </class> <!-- dockerValidation.chromeTest3 -->
      <class name="dockerValidation.chromeTest4">
        <test-method signature="case1()[pri:0, instance:dockerValidation.chromeTest4@1ab3a8c8]" started-at="2023-03-09T11:24:29 IST" name="case1" finished-at="2023-03-09T11:24:45 IST" duration-ms="15841" status="PASS">
          <reporter-output>
          </reporter-output>
        </test-method> <!-- case1 -->
      </class> <!-- dockerValidation.chromeTest4 -->
    </test> <!-- Test -->
  </suite> <!-- Suite -->
</testng-results>
